2018-02-08 01:49:24,699 DEBUG by.skoriyVladislav.dal.connection_pool.ConnectionPool:52 - Connection 1 was created.
2018-02-08 01:49:24,793 DEBUG by.skoriyVladislav.dal.connection_pool.ConnectionPool:52 - Connection 2 was created.
2018-02-08 01:49:24,793 DEBUG by.skoriyVladislav.dal.connection_pool.ConnectionPool:52 - Connection 3 was created.
2018-02-08 01:49:24,840 DEBUG by.skoriyVladislav.dal.connection_pool.ConnectionPool:52 - Connection 4 was created.
2018-02-08 01:49:24,840 DEBUG by.skoriyVladislav.dal.connection_pool.ConnectionPool:52 - Connection 5 was created.
2018-02-08 01:49:24,855 DEBUG by.skoriyVladislav.dal.connection_pool.ConnectionPool:52 - Connection 6 was created.
2018-02-08 01:49:24,855 DEBUG by.skoriyVladislav.dal.connection_pool.ConnectionPool:52 - Connection 7 was created.
2018-02-08 01:49:24,902 DEBUG by.skoriyVladislav.dal.connection_pool.ConnectionPool:52 - Connection 8 was created.
2018-02-08 01:49:24,902 DEBUG by.skoriyVladislav.dal.connection_pool.ConnectionPool:52 - Connection 9 was created.
2018-02-08 01:49:24,933 DEBUG by.skoriyVladislav.dal.connection_pool.ConnectionPool:52 - Connection 10 was created.
2018-02-08 01:49:24,933  INFO by.skoriyVladislav.dal.connection_pool.ConnectionPool:55 - Connection pool has been successfully initialized.
2018-02-08 01:49:24,933 DEBUG by.skoriyVladislav.dal.connection_pool.ConnectionPool:68 - Connection was given to caller.
2018-02-08 01:49:24,949  INFO by.skoriyVladislav.dal.connection_pool.ConnectionPool:181 - Check login in database.
2018-02-08 01:49:24,949  INFO by.skoriyVladislav.dal.connection_pool.ConnectionPool:115 - Connection was returned into connection pool successfully.
2018-02-08 01:49:24,949 DEBUG by.skoriyVladislav.dal.connection_pool.ConnectionPool:68 - Connection was given to caller.
2018-02-08 01:49:24,965  INFO by.skoriyVladislav.dal.connection_pool.ConnectionPool:211 - Check valance for bet in database.
2018-02-08 01:49:24,965  INFO by.skoriyVladislav.dal.connection_pool.ConnectionPool:115 - Connection was returned into connection pool successfully.
2018-02-08 01:49:24,965 DEBUG by.skoriyVladislav.dal.connection_pool.ConnectionPool:68 - Connection was given to caller.
2018-02-08 01:49:24,965  INFO by.skoriyVladislav.dal.connection_pool.ConnectionPool:115 - Connection was returned into connection pool successfully.
2018-02-08 01:49:24,965  INFO by.skoriyVladislav.dal.connection_pool.ConnectionPool:191 - Check login in database.
2018-02-08 01:49:24,965 DEBUG by.skoriyVladislav.dal.connection_pool.ConnectionPool:68 - Connection was given to caller.
2018-02-08 01:49:24,965  INFO by.skoriyVladislav.dal.connection_pool.ConnectionPool:211 - Check valance for bet in database.
2018-02-08 01:49:24,965  INFO by.skoriyVladislav.dal.connection_pool.ConnectionPool:115 - Connection was returned into connection pool successfully.
